<?xml version="1.0" encoding="UTF-8"?>
<!-- Generated by org.testng.reporters.JUnitReportReporter -->
<testsuite hostname="Saranya" failures="0" tests="1" name="com.runner.runnerTestNG" time="36.133" errors="0" timestamp="2025-04-03T20:30:29 IST" skipped="0">
  <testcase classname="com.runner.runnerTestNG" name="runScenario" time="36.133"/>
</testsuite> <!-- com.runner.runnerTestNG -->
